~~~
<div id="730e5b4f-3e23-4b55-b313-754af22c8e7b" data-jscall-id="108" style="visibility: hidden;">
  <div data-jscall-id="103">slider 1: 
    <input step="1" max="100" min="1" data-jscall-id="104" value="1" oninput="JSServe.update_obs('18255068447717421068', parseFloat(value))" type="range" />
    <p data-jscall-id="102">1</p>
  </div>
  <script data-jscall-id="105" type="text/javascript">
    window.__define = window.define;
    window.__require = window.require;
    window.define = undefined;
    window.require = undefined;

</script>
  <script data-jscall-id="106" type="text/javascript">
    window.define = window.__define;
    window.require = window.__require;
    window.__define = undefined;
    window.__require = undefined;

</script>
  <script data-jscall-id="107" type="text/javascript">
(()=> {
    JSServe.register_sub_session('730e5b4f-3e23-4b55-b313-754af22c8e7b')
    const init_data_b64 = 'H4sIAAAAAAAAA8VUy27TQBQV23zF7NxITep5OLaRygLKgkhQUNghNBrbN2HAnrE847QWYhPWSLBlB0gNa8pH8Av8DROnpFUVpSKphL0Z6557Zs494zObl6LJtcg+v/+7uvNVZj9xRILAH0SMhSEOGcFu/b0wE26bEr4EK/DsnPPXYipMWsnStlXOz4ajBzqDFebM6LpK4fevCmxdKTSuVWqlVkgrXpeZsLCn4IRPRV5DF73tIPccHEhloSp1LqxUE6TH6Oj4MVKO1yChMqTtK6jQsM6lQG2nQSe6eoMKbWzeIGEQnJaQWsjutoSpVsaikkMOBSiLDhHn4Bq5K1g4tZy/8F+2yBWmL5WC6rkrOvTqhJ13nflFz6e18udHunhyRf837JObZ4qvGcDimMXEoX2KI0ooIXSdAZkDnzti5l4SYoxJRCI/XGvWgvhHPBgM4jigDFN3iijGZGdfn1742o7n8B4ajkZQTaG/9JYvPOPC2komtbN6zdj3kWcslN7+kqL7z/NlN48Mb6ft+Ba0FeJ0N2mbDf6fyqTaTdnG67ilsGe3IKzt3fU+bv7fZ1uJ+3CZZaIsc5mKRZLyTBcuozKd1m1wTcA+XGbY/eZRtueF1IcgYeMeBUJ7LAmCXkIx7YUBE2NC0gjCxOu26XeNtW9sk0N/Ko1MZC5t47bx2q8cvFUQfrzUdcW/+A8/HhnQXgYAAA=='
    JSServe.init_from_b64(init_data_b64)
    if (!true){
        JSServe.update_obs('13953424139960231199', true)
    }
})()
</script>
</div>
~~~
